<?xml version="1.0" encoding="UTF-8"?>
<!-- Generated by org.testng.reporters.JUnitReportReporter -->
<testsuite hostname="LAPTOP-H5D4J6H4" failures="0" tests="1" name="Maven_Scripts.Scroll_UpDown" time="17.365" errors="0" timestamp="2024-01-05T11:42:33 IST" skipped="0">
  <testcase classname="Maven_Scripts.Scroll_UpDown" name="scroll_page" time="17.365"/>
  <system-out/>
</testsuite> <!-- Maven_Scripts.Scroll_UpDown -->
