<?xml version="1.0" encoding="UTF-8"?>
<!-- Generated by org.testng.reporters.JUnitReportReporter -->
<testsuite hostname="LAPTOP-H5D4J6H4" failures="0" tests="1" name="Maven_Scripts.Dropdown_Options" time="7.584" errors="0" timestamp="2024-01-05T11:42:33 IST" skipped="0">
  <testcase classname="Maven_Scripts.Dropdown_Options" name="dropdown" time="7.584"/>
  <system-out/>
</testsuite> <!-- Maven_Scripts.Dropdown_Options -->
