<?xml version="1.0" encoding="UTF-8"?>
<!-- Generated by org.testng.reporters.JUnitReportReporter -->
<testsuite hostname="LAPTOP-H5D4J6H4" failures="0" tests="1" name="Maven_Scripts.Dropdown_Options" time="4.008" errors="0" timestamp="2024-01-07T12:13:04 IST" skipped="0">
  <testcase classname="Maven_Scripts.Dropdown_Options" name="dropdown" time="4.008"/>
  <system-out/>
</testsuite> <!-- Maven_Scripts.Dropdown_Options -->
